2019-03-10 22:54:36.486  INFO 12748 --- [main] com.forezp.AdminServerApplication        : No active profile set, falling back to default profiles: default
2019-03-10 22:54:36.499  INFO 12748 --- [main] ationConfigEmbeddedWebApplicationContext : Refreshing org.springframework.boot.context.embedded.AnnotationConfigEmbeddedWebApplicationContext@6475472c: startup date [Sun Mar 10 22:54:36 CST 2019]; parent: org.springframework.context.annotation.AnnotationConfigApplicationContext@5c6648b0
2019-03-10 22:54:37.053  INFO 12748 --- [main] o.s.b.f.s.DefaultListableBeanFactory     : Overriding bean definition for bean 'counterFactory' with a different definition: replacing [Root bean: class [null]; scope=; abstract=false; lazyInit=false; autowireMode=3; dependencyCheck=0; autowireCandidate=true; primary=false; factoryBeanName=org.springframework.cloud.netflix.zuul.ZuulConfiguration$ZuulMetricsConfiguration; factoryMethodName=counterFactory; initMethodName=null; destroyMethodName=(inferred); defined in class path resource [org/springframework/cloud/netflix/zuul/ZuulConfiguration$ZuulMetricsConfiguration.class]] with [Root bean: class [null]; scope=; abstract=false; lazyInit=false; autowireMode=3; dependencyCheck=0; autowireCandidate=true; primary=false; factoryBeanName=org.springframework.cloud.netflix.zuul.ZuulConfiguration$ZuulCounterFactoryConfiguration; factoryMethodName=counterFactory; initMethodName=null; destroyMethodName=(inferred); defined in class path resource [org/springframework/cloud/netflix/zuul/ZuulConfiguration$ZuulCounterFactoryConfiguration.class]]
2019-03-10 22:54:37.215  INFO 12748 --- [main] o.s.cloud.context.scope.GenericScope     : BeanFactory id=71ea47d6-4f07-3c20-8a5c-74311f354d61
2019-03-10 22:54:37.230  INFO 12748 --- [main] f.a.AutowiredAnnotationBeanPostProcessor : JSR-330 'javax.inject.Inject' annotation found and supported for autowiring
2019-03-10 22:54:37.287  INFO 12748 --- [main] trationDelegate$BeanPostProcessorChecker : Bean 'org.springframework.cloud.netflix.metrics.MetricsInterceptorConfiguration$MetricsRestTemplateConfiguration' of type [org.springframework.cloud.netflix.metrics.MetricsInterceptorConfiguration$MetricsRestTemplateConfiguration$$EnhancerBySpringCGLIB$$3da105d4] is not eligible for getting processed by all BeanPostProcessors (for example: not eligible for auto-proxying)
2019-03-10 22:54:37.299  INFO 12748 --- [main] trationDelegate$BeanPostProcessorChecker : Bean 'org.springframework.cloud.autoconfigure.ConfigurationPropertiesRebinderAutoConfiguration' of type [org.springframework.cloud.autoconfigure.ConfigurationPropertiesRebinderAutoConfiguration$$EnhancerBySpringCGLIB$$278e6290] is not eligible for getting processed by all BeanPostProcessors (for example: not eligible for auto-proxying)
2019-03-10 22:54:37.638  INFO 12748 --- [main] s.b.c.e.t.TomcatEmbeddedServletContainer : Tomcat initialized with port(s): 5000 (http)
2019-03-10 22:54:37.646  INFO 12748 --- [main] o.apache.catalina.core.StandardService   : Starting service Tomcat
2019-03-10 22:54:37.647  INFO 12748 --- [main] org.apache.catalina.core.StandardEngine  : Starting Servlet Engine: Apache Tomcat/8.5.14
2019-03-10 22:54:37.776  INFO 12748 --- [localhost-startStop-1] o.a.c.c.C.[Tomcat].[localhost].[/]       : Initializing Spring embedded WebApplicationContext
2019-03-10 22:54:37.777  INFO 12748 --- [localhost-startStop-1] o.s.web.context.ContextLoader            : Root WebApplicationContext: initialization completed in 1278 ms
2019-03-10 22:54:38.062  WARN 12748 --- [localhost-startStop-1] c.n.c.sources.URLConfigurationSource     : No URLs will be polled as dynamic configuration sources.
2019-03-10 22:54:38.062  INFO 12748 --- [localhost-startStop-1] c.n.c.sources.URLConfigurationSource     : To enable URLs as dynamic configuration sources, define System property archaius.configurationSource.additionalUrls or make config.properties available on classpath.
2019-03-10 22:54:38.068  INFO 12748 --- [localhost-startStop-1] c.netflix.config.DynamicPropertyFactory  : DynamicPropertyFactory is initialized with configuration sources: com.netflix.config.ConcurrentCompositeConfiguration@290a1230
2019-03-10 22:54:38.496  INFO 12748 --- [localhost-startStop-1] o.s.b.w.servlet.ServletRegistrationBean  : Mapping servlet: 'dispatcherServlet' to [/]
2019-03-10 22:54:38.497  INFO 12748 --- [localhost-startStop-1] o.s.b.w.servlet.ServletRegistrationBean  : Mapping servlet: 'zuulServlet' to [/zuul/*]
2019-03-10 22:54:38.500  INFO 12748 --- [localhost-startStop-1] o.s.b.w.servlet.FilterRegistrationBean   : Mapping filter: 'metricsFilter' to: [/*]
2019-03-10 22:54:38.500  INFO 12748 --- [localhost-startStop-1] o.s.b.w.servlet.FilterRegistrationBean   : Mapping filter: 'characterEncodingFilter' to: [/*]
2019-03-10 22:54:38.500  INFO 12748 --- [localhost-startStop-1] o.s.b.w.servlet.FilterRegistrationBean   : Mapping filter: 'hiddenHttpMethodFilter' to: [/*]
2019-03-10 22:54:38.500  INFO 12748 --- [localhost-startStop-1] o.s.b.w.servlet.FilterRegistrationBean   : Mapping filter: 'httpPutFormContentFilter' to: [/*]
2019-03-10 22:54:38.500  INFO 12748 --- [localhost-startStop-1] o.s.b.w.servlet.FilterRegistrationBean   : Mapping filter: 'requestContextFilter' to: [/*]
2019-03-10 22:54:38.501  INFO 12748 --- [localhost-startStop-1] o.s.b.w.servlet.FilterRegistrationBean   : Mapping filter: 'webRequestLoggingFilter' to: [/*]
2019-03-10 22:54:38.501  INFO 12748 --- [localhost-startStop-1] o.s.b.w.servlet.FilterRegistrationBean   : Mapping filter: 'applicationContextIdFilter' to: [/*]
2019-03-10 22:54:38.518  INFO 12748 --- [localhost-startStop-1] o.s.c.n.zuul.ZuulFilterInitializer       : Starting filter initializer context listener
2019-03-10 22:54:39.404  INFO 12748 --- [main] o.a.c.c.C.[Tomcat].[localhost].[/]       : jolokia: No access restrictor found, access to any MBean is allowed
2019-03-10 22:54:39.596  INFO 12748 --- [main] s.w.s.m.m.a.RequestMappingHandlerAdapter : Looking for @ControllerAdvice: org.springframework.boot.context.embedded.AnnotationConfigEmbeddedWebApplicationContext@6475472c: startup date [Sun Mar 10 22:54:36 CST 2019]; parent: org.springframework.context.annotation.AnnotationConfigApplicationContext@5c6648b0
2019-03-10 22:54:39.715  INFO 12748 --- [main] s.w.s.m.m.a.RequestMappingHandlerMapping : Mapped "{[/error]}" onto public org.springframework.http.ResponseEntity<java.util.Map<java.lang.String, java.lang.Object>> org.springframework.boot.autoconfigure.web.BasicErrorController.error(javax.servlet.http.HttpServletRequest)
2019-03-10 22:54:39.716  INFO 12748 --- [main] s.w.s.m.m.a.RequestMappingHandlerMapping : Mapped "{[/error],produces=[text/html]}" onto public org.springframework.web.servlet.ModelAndView org.springframework.boot.autoconfigure.web.BasicErrorController.errorHtml(javax.servlet.http.HttpServletRequest,javax.servlet.http.HttpServletResponse)
2019-03-10 22:54:39.722  INFO 12748 --- [main] s.w.s.m.m.a.RequestMappingHandlerMapping : Mapped "{[/api/applications/{id}],methods=[GET]}" onto public org.springframework.http.ResponseEntity<?> de.codecentric.boot.admin.registry.web.RegistryController.get(java.lang.String)
2019-03-10 22:54:39.723  INFO 12748 --- [main] s.w.s.m.m.a.RequestMappingHandlerMapping : Mapped "{[/api/applications],methods=[POST]}" onto public org.springframework.http.ResponseEntity<de.codecentric.boot.admin.model.Application> de.codecentric.boot.admin.registry.web.RegistryController.register(de.codecentric.boot.admin.model.Application)
2019-03-10 22:54:39.723  INFO 12748 --- [main] s.w.s.m.m.a.RequestMappingHandlerMapping : Mapped "{[/api/applications/{id}],methods=[DELETE]}" onto public org.springframework.http.ResponseEntity<?> de.codecentric.boot.admin.registry.web.RegistryController.unregister(java.lang.String)
2019-03-10 22:54:39.724  INFO 12748 --- [main] s.w.s.m.m.a.RequestMappingHandlerMapping : Mapped "{[/api/applications],methods=[GET]}" onto public java.util.Collection<de.codecentric.boot.admin.model.Application> de.codecentric.boot.admin.registry.web.RegistryController.applications(java.lang.String)
2019-03-10 22:54:39.728  INFO 12748 --- [main] s.w.s.m.m.a.RequestMappingHandlerMapping : Mapped "{[/api/journal],produces=[application/json]}" onto public java.util.Collection<de.codecentric.boot.admin.event.ClientApplicationEvent> de.codecentric.boot.admin.journal.web.JournalController.getJournal()
2019-03-10 22:54:39.729  INFO 12748 --- [main] s.w.s.m.m.a.RequestMappingHandlerMapping : Mapped "{[/api/journal],produces=[text/event-stream]}" onto public org.springframework.web.servlet.mvc.method.annotation.SseEmitter de.codecentric.boot.admin.journal.web.JournalController.getJournalEvents()
2019-03-10 22:54:39.745  INFO 12748 --- [main] o.s.w.s.handler.SimpleUrlHandlerMapping  : Root mapping to handler of type [class org.springframework.web.servlet.mvc.ParameterizableViewController]
2019-03-10 22:54:39.761  WARN 12748 --- [main] o.s.w.s.r.ResourceHttpRequestHandler     : Locations list is empty. No resources will be served unless a custom ResourceResolver is configured as an alternative to PathResourceResolver.
2019-03-10 22:54:39.762  WARN 12748 --- [main] o.s.w.s.r.ResourceHttpRequestHandler     : Locations list is empty. No resources will be served unless a custom ResourceResolver is configured as an alternative to PathResourceResolver.
2019-03-10 22:54:39.763  INFO 12748 --- [main] o.s.w.s.handler.SimpleUrlHandlerMapping  : Mapped URL path [/webjars/**] onto handler of type [class org.springframework.web.servlet.resource.ResourceHttpRequestHandler]
2019-03-10 22:54:39.763  INFO 12748 --- [main] o.s.w.s.handler.SimpleUrlHandlerMapping  : Mapped URL path [/**] onto handler of type [class org.springframework.web.servlet.resource.ResourceHttpRequestHandler]
2019-03-10 22:54:39.764  INFO 12748 --- [main] o.s.w.s.handler.SimpleUrlHandlerMapping  : Mapped URL path [/all-modules.css] onto handler of type [class org.springframework.web.servlet.resource.ResourceHttpRequestHandler]
2019-03-10 22:54:39.764  INFO 12748 --- [main] o.s.w.s.handler.SimpleUrlHandlerMapping  : Mapped URL path [/all-modules.js] onto handler of type [class org.springframework.web.servlet.resource.ResourceHttpRequestHandler]
2019-03-10 22:54:39.811  INFO 12748 --- [main] o.s.w.s.handler.SimpleUrlHandlerMapping  : Mapped URL path [/**/favicon.ico] onto handler of type [class org.springframework.web.servlet.resource.ResourceHttpRequestHandler]
2019-03-10 22:54:40.353  INFO 12748 --- [main] o.s.b.a.e.mvc.EndpointHandlerMapping     : Mapped "{[/resume || /resume.json],methods=[POST]}" onto public java.lang.Object org.springframework.cloud.endpoint.GenericPostableMvcEndpoint.invoke()
2019-03-10 22:54:40.354  INFO 12748 --- [main] o.s.b.a.e.mvc.EndpointHandlerMapping     : Mapped "{[/routes || /routes.json],methods=[GET],produces=[application/vnd.spring-boot.actuator.v1+json || application/json]}" onto public java.lang.Object org.springframework.boot.actuate.endpoint.mvc.EndpointMvcAdapter.invoke()
2019-03-10 22:54:40.354  INFO 12748 --- [main] o.s.b.a.e.mvc.EndpointHandlerMapping     : Mapped "{[/logfile || /logfile.json],methods=[GET || HEAD]}" onto public void org.springframework.boot.actuate.endpoint.mvc.LogFileMvcEndpoint.invoke(javax.servlet.http.HttpServletRequest,javax.servlet.http.HttpServletResponse) throws javax.servlet.ServletException,java.io.IOException
2019-03-10 22:54:40.355  INFO 12748 --- [main] o.s.b.a.e.mvc.EndpointHandlerMapping     : Mapped "{[/env],methods=[POST]}" onto public java.lang.Object org.springframework.cloud.context.environment.EnvironmentManagerMvcEndpoint.value(java.util.Map<java.lang.String, java.lang.String>)
2019-03-10 22:54:40.355  INFO 12748 --- [main] o.s.b.a.e.mvc.EndpointHandlerMapping     : Mapped "{[/env/reset],methods=[POST]}" onto public java.util.Map<java.lang.String, java.lang.Object> org.springframework.cloud.context.environment.EnvironmentManagerMvcEndpoint.reset()
2019-03-10 22:54:40.356  INFO 12748 --- [main] o.s.b.a.e.mvc.EndpointHandlerMapping     : Mapped "{[/heapdump || /heapdump.json],methods=[GET],produces=[application/octet-stream]}" onto public void org.springframework.boot.actuate.endpoint.mvc.HeapdumpMvcEndpoint.invoke(boolean,javax.servlet.http.HttpServletRequest,javax.servlet.http.HttpServletResponse) throws java.io.IOException,javax.servlet.ServletException
2019-03-10 22:54:40.358  INFO 12748 --- [main] o.s.b.a.e.mvc.EndpointHandlerMapping     : Mapped "{[/restart || /restart.json],methods=[POST]}" onto public java.lang.Object org.springframework.cloud.context.restart.RestartMvcEndpoint.invoke()
2019-03-10 22:54:40.359  INFO 12748 --- [main] o.s.b.a.e.mvc.EndpointHandlerMapping     : Mapped "{[/auditevents || /auditevents.json],methods=[GET],produces=[application/vnd.spring-boot.actuator.v1+json || application/json]}" onto public org.springframework.http.ResponseEntity<?> org.springframework.boot.actuate.endpoint.mvc.AuditEventsMvcEndpoint.findByPrincipalAndAfterAndType(java.lang.String,java.util.Date,java.lang.String)
2019-03-10 22:54:40.360  INFO 12748 --- [main] o.s.b.a.e.mvc.EndpointHandlerMapping     : Mapped "{[/service-registry/instance-status],methods=[GET]}" onto public org.springframework.http.ResponseEntity org.springframework.cloud.client.serviceregistry.endpoint.ServiceRegistryEndpoint.getStatus()
2019-03-10 22:54:40.361  INFO 12748 --- [main] o.s.b.a.e.mvc.EndpointHandlerMapping     : Mapped "{[/service-registry/instance-status],methods=[POST]}" onto public org.springframework.http.ResponseEntity<?> org.springframework.cloud.client.serviceregistry.endpoint.ServiceRegistryEndpoint.setStatus(java.lang.String)
2019-03-10 22:54:40.362  INFO 12748 --- [main] o.s.b.a.e.mvc.EndpointHandlerMapping     : Mapped "{[/jolokia/**]}" onto public org.springframework.web.servlet.ModelAndView org.springframework.boot.actuate.endpoint.mvc.JolokiaMvcEndpoint.handle(javax.servlet.http.HttpServletRequest,javax.servlet.http.HttpServletResponse) throws java.lang.Exception
2019-03-10 22:54:40.363  INFO 12748 --- [main] o.s.b.a.e.mvc.EndpointHandlerMapping     : Mapped "{[/trace || /trace.json],methods=[GET],produces=[application/vnd.spring-boot.actuator.v1+json || application/json]}" onto public java.lang.Object org.springframework.boot.actuate.endpoint.mvc.EndpointMvcAdapter.invoke()
2019-03-10 22:54:40.364  INFO 12748 --- [main] o.s.b.a.e.mvc.EndpointHandlerMapping     : Mapped "{[/pause || /pause.json],methods=[POST]}" onto public java.lang.Object org.springframework.cloud.endpoint.GenericPostableMvcEndpoint.invoke()
2019-03-10 22:54:40.365  INFO 12748 --- [main] o.s.b.a.e.mvc.EndpointHandlerMapping     : Mapped "{[/archaius || /archaius.json],methods=[GET],produces=[application/vnd.spring-boot.actuator.v1+json || application/json]}" onto public java.lang.Object org.springframework.boot.actuate.endpoint.mvc.EndpointMvcAdapter.invoke()
2019-03-10 22:54:40.367  INFO 12748 --- [main] o.s.b.a.e.mvc.EndpointHandlerMapping     : Mapped "{[/configprops || /configprops.json],methods=[GET],produces=[application/vnd.spring-boot.actuator.v1+json || application/json]}" onto public java.lang.Object org.springframework.boot.actuate.endpoint.mvc.EndpointMvcAdapter.invoke()
2019-03-10 22:54:40.368  INFO 12748 --- [main] o.s.b.a.e.mvc.EndpointHandlerMapping     : Mapped "{[/beans || /beans.json],methods=[GET],produces=[application/vnd.spring-boot.actuator.v1+json || application/json]}" onto public java.lang.Object org.springframework.boot.actuate.endpoint.mvc.EndpointMvcAdapter.invoke()
2019-03-10 22:54:40.369  INFO 12748 --- [main] o.s.b.a.e.mvc.EndpointHandlerMapping     : Mapped "{[/mappings || /mappings.json],methods=[GET],produces=[application/vnd.spring-boot.actuator.v1+json || application/json]}" onto public java.lang.Object org.springframework.boot.actuate.endpoint.mvc.EndpointMvcAdapter.invoke()
2019-03-10 22:54:40.370  INFO 12748 --- [main] o.s.b.a.e.mvc.EndpointHandlerMapping     : Mapped "{[/autoconfig || /autoconfig.json],methods=[GET],produces=[application/vnd.spring-boot.actuator.v1+json || application/json]}" onto public java.lang.Object org.springframework.boot.actuate.endpoint.mvc.EndpointMvcAdapter.invoke()
2019-03-10 22:54:40.372  INFO 12748 --- [main] o.s.b.a.e.mvc.EndpointHandlerMapping     : Mapped "{[/loggers/{name:.*}],methods=[GET],produces=[application/vnd.spring-boot.actuator.v1+json || application/json]}" onto public java.lang.Object org.springframework.boot.actuate.endpoint.mvc.LoggersMvcEndpoint.get(java.lang.String)
2019-03-10 22:54:40.373  INFO 12748 --- [main] o.s.b.a.e.mvc.EndpointHandlerMapping     : Mapped "{[/loggers/{name:.*}],methods=[POST],consumes=[application/vnd.spring-boot.actuator.v1+json || application/json],produces=[application/vnd.spring-boot.actuator.v1+json || application/json]}" onto public java.lang.Object org.springframework.boot.actuate.endpoint.mvc.LoggersMvcEndpoint.set(java.lang.String,java.util.Map<java.lang.String, java.lang.String>)
2019-03-10 22:54:40.374  INFO 12748 --- [main] o.s.b.a.e.mvc.EndpointHandlerMapping     : Mapped "{[/loggers || /loggers.json],methods=[GET],produces=[application/vnd.spring-boot.actuator.v1+json || application/json]}" onto public java.lang.Object org.springframework.boot.actuate.endpoint.mvc.EndpointMvcAdapter.invoke()
2019-03-10 22:54:40.375  INFO 12748 --- [main] o.s.b.a.e.mvc.EndpointHandlerMapping     : Mapped "{[/metrics/{name:.*}],methods=[GET],produces=[application/vnd.spring-boot.actuator.v1+json || application/json]}" onto public java.lang.Object org.springframework.boot.actuate.endpoint.mvc.MetricsMvcEndpoint.value(java.lang.String)
2019-03-10 22:54:40.375  INFO 12748 --- [main] o.s.b.a.e.mvc.EndpointHandlerMapping     : Mapped "{[/metrics || /metrics.json],methods=[GET],produces=[application/vnd.spring-boot.actuator.v1+json || application/json]}" onto public java.lang.Object org.springframework.boot.actuate.endpoint.mvc.EndpointMvcAdapter.invoke()
2019-03-10 22:54:40.376  INFO 12748 --- [main] o.s.b.a.e.mvc.EndpointHandlerMapping     : Mapped "{[/env/{name:.*}],methods=[GET],produces=[application/vnd.spring-boot.actuator.v1+json || application/json]}" onto public java.lang.Object org.springframework.boot.actuate.endpoint.mvc.EnvironmentMvcEndpoint.value(java.lang.String)
2019-03-10 22:54:40.377  INFO 12748 --- [main] o.s.b.a.e.mvc.EndpointHandlerMapping     : Mapped "{[/env || /env.json],methods=[GET],produces=[application/vnd.spring-boot.actuator.v1+json || application/json]}" onto public java.lang.Object org.springframework.boot.actuate.endpoint.mvc.EndpointMvcAdapter.invoke()
2019-03-10 22:54:40.377  INFO 12748 --- [main] o.s.b.a.e.mvc.EndpointHandlerMapping     : Mapped "{[/dump || /dump.json],methods=[GET],produces=[application/vnd.spring-boot.actuator.v1+json || application/json]}" onto public java.lang.Object org.springframework.boot.actuate.endpoint.mvc.EndpointMvcAdapter.invoke()
2019-03-10 22:54:40.378  INFO 12748 --- [main] o.s.b.a.e.mvc.EndpointHandlerMapping     : Mapped "{[/info || /info.json],methods=[GET],produces=[application/vnd.spring-boot.actuator.v1+json || application/json]}" onto public java.lang.Object org.springframework.boot.actuate.endpoint.mvc.EndpointMvcAdapter.invoke()
2019-03-10 22:54:40.378  INFO 12748 --- [main] o.s.b.a.e.mvc.EndpointHandlerMapping     : Mapped "{[/refresh || /refresh.json],methods=[POST]}" onto public java.lang.Object org.springframework.cloud.endpoint.GenericPostableMvcEndpoint.invoke()
2019-03-10 22:54:40.379  INFO 12748 --- [main] o.s.b.a.e.mvc.EndpointHandlerMapping     : Mapped "{[/health || /health.json],methods=[GET],produces=[application/vnd.spring-boot.actuator.v1+json || application/json]}" onto public java.lang.Object org.springframework.boot.actuate.endpoint.mvc.HealthMvcEndpoint.invoke(javax.servlet.http.HttpServletRequest,java.security.Principal)
2019-03-10 22:54:40.380  INFO 12748 --- [main] o.s.b.a.e.mvc.EndpointHandlerMapping     : Mapped "{[/features || /features.json],methods=[GET],produces=[application/vnd.spring-boot.actuator.v1+json || application/json]}" onto public java.lang.Object org.springframework.boot.actuate.endpoint.mvc.EndpointMvcAdapter.invoke()
2019-03-10 22:54:40.537  WARN 12748 --- [main] c.n.c.sources.URLConfigurationSource     : No URLs will be polled as dynamic configuration sources.
2019-03-10 22:54:40.537  INFO 12748 --- [main] c.n.c.sources.URLConfigurationSource     : To enable URLs as dynamic configuration sources, define System property archaius.configurationSource.additionalUrls or make config.properties available on classpath.
2019-03-10 22:54:40.604  INFO 12748 --- [main] o.s.s.c.ThreadPoolTaskScheduler          : Initializing ExecutorService  'updateTaskScheduler'
2019-03-10 22:54:40.636  INFO 12748 --- [main] d.c.boot.admin.web.PrefixHandlerMapping  : Mapped "{[/api/applications/{id}],methods=[GET]}" onto public org.springframework.http.ResponseEntity<?> de.codecentric.boot.admin.registry.web.RegistryController.get(java.lang.String)
2019-03-10 22:54:40.636  INFO 12748 --- [main] d.c.boot.admin.web.PrefixHandlerMapping  : Mapped "{[/api/applications],methods=[POST]}" onto public org.springframework.http.ResponseEntity<de.codecentric.boot.admin.model.Application> de.codecentric.boot.admin.registry.web.RegistryController.register(de.codecentric.boot.admin.model.Application)
2019-03-10 22:54:40.636  INFO 12748 --- [main] d.c.boot.admin.web.PrefixHandlerMapping  : Mapped "{[/api/applications/{id}],methods=[DELETE]}" onto public org.springframework.http.ResponseEntity<?> de.codecentric.boot.admin.registry.web.RegistryController.unregister(java.lang.String)
2019-03-10 22:54:40.636  INFO 12748 --- [main] d.c.boot.admin.web.PrefixHandlerMapping  : Mapped "{[/api/applications],methods=[GET]}" onto public java.util.Collection<de.codecentric.boot.admin.model.Application> de.codecentric.boot.admin.registry.web.RegistryController.applications(java.lang.String)
2019-03-10 22:54:40.637  INFO 12748 --- [main] d.c.boot.admin.web.PrefixHandlerMapping  : Mapped "{[/api/journal],produces=[application/json]}" onto public java.util.Collection<de.codecentric.boot.admin.event.ClientApplicationEvent> de.codecentric.boot.admin.journal.web.JournalController.getJournal()
2019-03-10 22:54:40.637  INFO 12748 --- [main] d.c.boot.admin.web.PrefixHandlerMapping  : Mapped "{[/api/journal],produces=[text/event-stream]}" onto public org.springframework.web.servlet.mvc.method.annotation.SseEmitter de.codecentric.boot.admin.journal.web.JournalController.getJournalEvents()
2019-03-10 22:54:40.734  INFO 12748 --- [main] o.s.j.e.a.AnnotationMBeanExporter        : Registering beans for JMX exposure on startup
2019-03-10 22:54:40.743  INFO 12748 --- [main] o.s.j.e.a.AnnotationMBeanExporter        : Bean with name 'environmentManager' has been autodetected for JMX exposure
2019-03-10 22:54:40.745  INFO 12748 --- [main] o.s.j.e.a.AnnotationMBeanExporter        : Bean with name 'configurationPropertiesRebinder' has been autodetected for JMX exposure
2019-03-10 22:54:40.745  INFO 12748 --- [main] o.s.j.e.a.AnnotationMBeanExporter        : Bean with name 'refreshEndpoint' has been autodetected for JMX exposure
2019-03-10 22:54:40.746  INFO 12748 --- [main] o.s.j.e.a.AnnotationMBeanExporter        : Bean with name 'restartEndpoint' has been autodetected for JMX exposure
2019-03-10 22:54:40.746  INFO 12748 --- [main] o.s.j.e.a.AnnotationMBeanExporter        : Bean with name 'serviceRegistryEndpoint' has been autodetected for JMX exposure
2019-03-10 22:54:40.747  INFO 12748 --- [main] o.s.j.e.a.AnnotationMBeanExporter        : Bean with name 'zuulEndpoint' has been autodetected for JMX exposure
2019-03-10 22:54:40.748  INFO 12748 --- [main] o.s.j.e.a.AnnotationMBeanExporter        : Bean with name 'refreshScope' has been autodetected for JMX exposure
2019-03-10 22:54:40.752  INFO 12748 --- [main] o.s.j.e.a.AnnotationMBeanExporter        : Located managed bean 'environmentManager': registering with JMX server as MBean [org.springframework.cloud.context.environment:name=environmentManager,type=EnvironmentManager]
2019-03-10 22:54:40.768  INFO 12748 --- [main] o.s.j.e.a.AnnotationMBeanExporter        : Located managed bean 'restartEndpoint': registering with JMX server as MBean [org.springframework.cloud.context.restart:name=restartEndpoint,type=RestartEndpoint]
2019-03-10 22:54:40.777  INFO 12748 --- [main] o.s.j.e.a.AnnotationMBeanExporter        : Located managed bean 'serviceRegistryEndpoint': registering with JMX server as MBean [org.springframework.cloud.client.serviceregistry.endpoint:name=serviceRegistryEndpoint,type=ServiceRegistryEndpoint]
2019-03-10 22:54:40.783  INFO 12748 --- [main] o.s.j.e.a.AnnotationMBeanExporter        : Located managed bean 'refreshScope': registering with JMX server as MBean [org.springframework.cloud.context.scope.refresh:name=refreshScope,type=RefreshScope]
2019-03-10 22:54:40.796  INFO 12748 --- [main] o.s.j.e.a.AnnotationMBeanExporter        : Located managed bean 'zuulEndpoint': registering with JMX server as MBean [org.springframework.cloud.netflix.zuul:name=zuulEndpoint,type=RoutesEndpoint]
2019-03-10 22:54:40.797  WARN 12748 --- [main] o.s.j.e.a.AnnotationMBeanExporter        : Bean with key 'zuulEndpoint' has been registered as an MBean but has no exposed attributes or operations
2019-03-10 22:54:40.798  INFO 12748 --- [main] o.s.j.e.a.AnnotationMBeanExporter        : Located managed bean 'configurationPropertiesRebinder': registering with JMX server as MBean [org.springframework.cloud.context.properties:name=configurationPropertiesRebinder,context=6475472c,type=ConfigurationPropertiesRebinder]
2019-03-10 22:54:40.805  INFO 12748 --- [main] o.s.j.e.a.AnnotationMBeanExporter        : Located managed bean 'refreshEndpoint': registering with JMX server as MBean [org.springframework.cloud.endpoint:name=refreshEndpoint,type=RefreshEndpoint]
2019-03-10 22:54:41.174  INFO 12748 --- [main] o.a.c.c.C.[Tomcat].[localhost].[/]       : jolokia: No access restrictor found, access to any MBean is allowed
2019-03-10 22:54:41.179  INFO 12748 --- [main] o.a.c.c.C.[Tomcat].[localhost].[/]       : jolokia: jolokia:type=Config is already registered. Adding it with jolokia:type=Config,uuid=a5596522-2cfc-4bfb-b186-338485451739, but you should revise your setup in order to either use a qualifier or ensure, that only a single agent gets registered (otherwise history functionality might not work)
2019-03-10 22:54:41.179  INFO 12748 --- [main] o.a.c.c.C.[Tomcat].[localhost].[/]       : jolokia: Cannot register (legacy) MBean handler for config store with name jmx4perl:type=Config since it already exists. This is the case if another agent has been already started within the same JVM. The registration is skipped.
2019-03-10 22:54:41.180  INFO 12748 --- [main] o.a.c.c.C.[Tomcat].[localhost].[/]       : jolokia: Jolokia Discovery MBean registration is skipped because there is already one registered.
2019-03-10 22:54:41.238  INFO 12748 --- [main] o.s.c.support.DefaultLifecycleProcessor  : Starting beans in phase 0
2019-03-10 22:54:41.247  INFO 12748 --- [main] o.s.c.n.eureka.InstanceInfoFactory       : Setting initial instance status as: STARTING
2019-03-10 22:54:41.296  INFO 12748 --- [main] com.netflix.discovery.DiscoveryClient    : Initializing Eureka in region us-east-1
2019-03-10 22:54:41.363  INFO 12748 --- [main] c.n.d.provider.DiscoveryJerseyProvider   : Using JSON encoding codec LegacyJacksonJson
2019-03-10 22:54:41.363  INFO 12748 --- [main] c.n.d.provider.DiscoveryJerseyProvider   : Using JSON decoding codec LegacyJacksonJson
2019-03-10 22:54:41.498  INFO 12748 --- [main] c.n.d.provider.DiscoveryJerseyProvider   : Using XML encoding codec XStreamXml
2019-03-10 22:54:41.498  INFO 12748 --- [main] c.n.d.provider.DiscoveryJerseyProvider   : Using XML decoding codec XStreamXml
2019-03-10 22:54:41.693  INFO 12748 --- [main] c.n.d.s.r.aws.ConfigClusterResolver      : Resolving eureka endpoints via configuration
2019-03-10 22:54:41.954  INFO 12748 --- [main] com.netflix.discovery.DiscoveryClient    : Disable delta property : false
2019-03-10 22:54:41.955  INFO 12748 --- [main] com.netflix.discovery.DiscoveryClient    : Single vip registry refresh property : null
2019-03-10 22:54:41.955  INFO 12748 --- [main] com.netflix.discovery.DiscoveryClient    : Force full registry fetch : false
2019-03-10 22:54:41.955  INFO 12748 --- [main] com.netflix.discovery.DiscoveryClient    : Application is null : false
2019-03-10 22:54:41.956  INFO 12748 --- [main] com.netflix.discovery.DiscoveryClient    : Registered Applications size is zero : true
2019-03-10 22:54:41.956  INFO 12748 --- [main] com.netflix.discovery.DiscoveryClient    : Application version is -1: true
2019-03-10 22:54:41.956  INFO 12748 --- [main] com.netflix.discovery.DiscoveryClient    : Getting all instance registry info from the eureka server
2019-03-10 22:54:42.244  INFO 12748 --- [main] com.netflix.discovery.DiscoveryClient    : The response status is 200
2019-03-10 22:54:42.245  INFO 12748 --- [main] com.netflix.discovery.DiscoveryClient    : Starting heartbeat executor: renew interval is: 30
2019-03-10 22:54:42.249  INFO 12748 --- [main] c.n.discovery.InstanceInfoReplicator     : InstanceInfoReplicator onDemand update allowed rate per min is 4
2019-03-10 22:54:42.253  INFO 12748 --- [main] com.netflix.discovery.DiscoveryClient    : Discovery Client initialized at timestamp 1552229682252 with initial instances count: 0
2019-03-10 22:54:42.292  INFO 12748 --- [main] o.s.c.n.e.s.EurekaServiceRegistry        : Registering application service-admin with eureka with status UP
2019-03-10 22:54:42.293  INFO 12748 --- [main] com.netflix.discovery.DiscoveryClient    : Saw local status change event StatusChangeEvent [timestamp=1552229682293, current=UP, previous=STARTING]
2019-03-10 22:54:42.298  INFO 12748 --- [DiscoveryClient-InstanceInfoReplicator-0] com.netflix.discovery.DiscoveryClient    : DiscoveryClient_SERVICE-ADMIN/HZXF0EHOK6WLMDC:service-admin:5000: registering service...
2019-03-10 22:54:42.575  INFO 12748 --- [DiscoveryClient-InstanceInfoReplicator-0] com.netflix.discovery.DiscoveryClient    : DiscoveryClient_SERVICE-ADMIN/HZXF0EHOK6WLMDC:service-admin:5000 - registration status: 204
2019-03-10 22:54:42.604  INFO 12748 --- [main] s.b.c.e.t.TomcatEmbeddedServletContainer : Tomcat started on port(s): 5000 (http)
2019-03-10 22:54:42.605  INFO 12748 --- [main] .s.c.n.e.s.EurekaAutoServiceRegistration : Updating port to 5000
2019-03-10 22:54:42.614  INFO 12748 --- [main] com.forezp.AdminServerApplication        : Started AdminServerApplication in 7.477 seconds (JVM running for 7.812)
2019-03-10 22:55:12.247  INFO 12748 --- [DiscoveryClient-CacheRefreshExecutor-0] com.netflix.discovery.DiscoveryClient    : Disable delta property : false
2019-03-10 22:55:12.249  INFO 12748 --- [DiscoveryClient-CacheRefreshExecutor-0] com.netflix.discovery.DiscoveryClient    : Single vip registry refresh property : null
2019-03-10 22:55:12.249  INFO 12748 --- [DiscoveryClient-CacheRefreshExecutor-0] com.netflix.discovery.DiscoveryClient    : Force full registry fetch : false
2019-03-10 22:55:12.249  INFO 12748 --- [DiscoveryClient-CacheRefreshExecutor-0] com.netflix.discovery.DiscoveryClient    : Application is null : false
2019-03-10 22:55:12.250  INFO 12748 --- [DiscoveryClient-CacheRefreshExecutor-0] com.netflix.discovery.DiscoveryClient    : Registered Applications size is zero : true
2019-03-10 22:55:12.250  INFO 12748 --- [DiscoveryClient-CacheRefreshExecutor-0] com.netflix.discovery.DiscoveryClient    : Application version is -1: false
2019-03-10 22:55:12.250  INFO 12748 --- [DiscoveryClient-CacheRefreshExecutor-0] com.netflix.discovery.DiscoveryClient    : Getting all instance registry info from the eureka server
2019-03-10 22:55:12.297  INFO 12748 --- [DiscoveryClient-CacheRefreshExecutor-0] com.netflix.discovery.DiscoveryClient    : The response status is 200
2019-03-10 22:55:12.308  INFO 12748 --- [DiscoveryClient-CacheRefreshExecutor-0] d.c.b.a.registry.ApplicationRegistry     : New Application Application [id=a80be3c3, name=SERVICE-LUCY, managementUrl=http://HZXF0EHOK6WLMDC:8763, healthUrl=http://HZXF0EHOK6WLMDC:8763/health, serviceUrl=http://HZXF0EHOK6WLMDC:8763] registered 
2019-03-10 22:55:12.312  INFO 12748 --- [DiscoveryClient-CacheRefreshExecutor-0] d.c.b.a.registry.ApplicationRegistry     : New Application Application [id=cda883f3, name=SERVICE-ADMIN, managementUrl=http://HZXF0EHOK6WLMDC:5000, healthUrl=http://HZXF0EHOK6WLMDC:5000/health, serviceUrl=http://HZXF0EHOK6WLMDC:5000] registered 
2019-03-10 22:55:12.523  INFO 12748 --- [http-nio-5000-exec-2] o.a.c.c.C.[Tomcat].[localhost].[/]       : Initializing Spring FrameworkServlet 'dispatcherServlet'
2019-03-10 22:55:12.523  INFO 12748 --- [http-nio-5000-exec-2] o.s.web.servlet.DispatcherServlet        : FrameworkServlet 'dispatcherServlet': initialization started
2019-03-10 22:55:12.545  INFO 12748 --- [http-nio-5000-exec-2] o.s.web.servlet.DispatcherServlet        : FrameworkServlet 'dispatcherServlet': initialization completed in 22 ms
2019-03-10 22:55:12.560  INFO 12748 --- [http-nio-5000-exec-2] o.s.c.n.zuul.web.ZuulHandlerMapping      : Mapped URL path [/api/applications/cda883f3/health/**] onto handler of type [class de.codecentric.boot.admin.zuul.OptionsDispatchingZuulController]
2019-03-10 22:55:12.560  INFO 12748 --- [http-nio-5000-exec-2] o.s.c.n.zuul.web.ZuulHandlerMapping      : Mapped URL path [/api/applications/cda883f3/env/**] onto handler of type [class de.codecentric.boot.admin.zuul.OptionsDispatchingZuulController]
2019-03-10 22:55:12.560  INFO 12748 --- [http-nio-5000-exec-2] o.s.c.n.zuul.web.ZuulHandlerMapping      : Mapped URL path [/api/applications/cda883f3/metrics/**] onto handler of type [class de.codecentric.boot.admin.zuul.OptionsDispatchingZuulController]
2019-03-10 22:55:12.561  INFO 12748 --- [http-nio-5000-exec-2] o.s.c.n.zuul.web.ZuulHandlerMapping      : Mapped URL path [/api/applications/cda883f3/dump/**] onto handler of type [class de.codecentric.boot.admin.zuul.OptionsDispatchingZuulController]
2019-03-10 22:55:12.561  INFO 12748 --- [http-nio-5000-exec-2] o.s.c.n.zuul.web.ZuulHandlerMapping      : Mapped URL path [/api/applications/cda883f3/jolokia/**] onto handler of type [class de.codecentric.boot.admin.zuul.OptionsDispatchingZuulController]
2019-03-10 22:55:12.561  INFO 12748 --- [http-nio-5000-exec-2] o.s.c.n.zuul.web.ZuulHandlerMapping      : Mapped URL path [/api/applications/cda883f3/info/**] onto handler of type [class de.codecentric.boot.admin.zuul.OptionsDispatchingZuulController]
2019-03-10 22:55:12.561  INFO 12748 --- [http-nio-5000-exec-2] o.s.c.n.zuul.web.ZuulHandlerMapping      : Mapped URL path [/api/applications/cda883f3/configprops/**] onto handler of type [class de.codecentric.boot.admin.zuul.OptionsDispatchingZuulController]
2019-03-10 22:55:12.561  INFO 12748 --- [http-nio-5000-exec-2] o.s.c.n.zuul.web.ZuulHandlerMapping      : Mapped URL path [/api/applications/cda883f3/trace/**] onto handler of type [class de.codecentric.boot.admin.zuul.OptionsDispatchingZuulController]
2019-03-10 22:55:12.561  INFO 12748 --- [http-nio-5000-exec-2] o.s.c.n.zuul.web.ZuulHandlerMapping      : Mapped URL path [/api/applications/cda883f3/logfile/**] onto handler of type [class de.codecentric.boot.admin.zuul.OptionsDispatchingZuulController]
2019-03-10 22:55:12.561  INFO 12748 --- [http-nio-5000-exec-2] o.s.c.n.zuul.web.ZuulHandlerMapping      : Mapped URL path [/api/applications/cda883f3/refresh/**] onto handler of type [class de.codecentric.boot.admin.zuul.OptionsDispatchingZuulController]
2019-03-10 22:55:12.561  INFO 12748 --- [http-nio-5000-exec-2] o.s.c.n.zuul.web.ZuulHandlerMapping      : Mapped URL path [/api/applications/cda883f3/flyway/**] onto handler of type [class de.codecentric.boot.admin.zuul.OptionsDispatchingZuulController]
2019-03-10 22:55:12.561  INFO 12748 --- [http-nio-5000-exec-2] o.s.c.n.zuul.web.ZuulHandlerMapping      : Mapped URL path [/api/applications/cda883f3/liquibase/**] onto handler of type [class de.codecentric.boot.admin.zuul.OptionsDispatchingZuulController]
2019-03-10 22:55:12.562  INFO 12748 --- [http-nio-5000-exec-2] o.s.c.n.zuul.web.ZuulHandlerMapping      : Mapped URL path [/api/applications/cda883f3/heapdump/**] onto handler of type [class de.codecentric.boot.admin.zuul.OptionsDispatchingZuulController]
2019-03-10 22:55:12.562  INFO 12748 --- [http-nio-5000-exec-2] o.s.c.n.zuul.web.ZuulHandlerMapping      : Mapped URL path [/api/applications/cda883f3/loggers/**] onto handler of type [class de.codecentric.boot.admin.zuul.OptionsDispatchingZuulController]
2019-03-10 22:55:12.562  INFO 12748 --- [http-nio-5000-exec-2] o.s.c.n.zuul.web.ZuulHandlerMapping      : Mapped URL path [/api/applications/cda883f3/auditevents/**] onto handler of type [class de.codecentric.boot.admin.zuul.OptionsDispatchingZuulController]
2019-03-10 22:55:12.562  INFO 12748 --- [http-nio-5000-exec-2] o.s.c.n.zuul.web.ZuulHandlerMapping      : Mapped URL path [/api/applications/cda883f3/hystrix.stream/**] onto handler of type [class de.codecentric.boot.admin.zuul.OptionsDispatchingZuulController]
2019-03-10 22:55:12.562  INFO 12748 --- [http-nio-5000-exec-2] o.s.c.n.zuul.web.ZuulHandlerMapping      : Mapped URL path [/api/applications/a80be3c3/health/**] onto handler of type [class de.codecentric.boot.admin.zuul.OptionsDispatchingZuulController]
2019-03-10 22:55:12.562  INFO 12748 --- [http-nio-5000-exec-2] o.s.c.n.zuul.web.ZuulHandlerMapping      : Mapped URL path [/api/applications/a80be3c3/env/**] onto handler of type [class de.codecentric.boot.admin.zuul.OptionsDispatchingZuulController]
2019-03-10 22:55:12.562  INFO 12748 --- [http-nio-5000-exec-2] o.s.c.n.zuul.web.ZuulHandlerMapping      : Mapped URL path [/api/applications/a80be3c3/metrics/**] onto handler of type [class de.codecentric.boot.admin.zuul.OptionsDispatchingZuulController]
2019-03-10 22:55:12.562  INFO 12748 --- [http-nio-5000-exec-2] o.s.c.n.zuul.web.ZuulHandlerMapping      : Mapped URL path [/api/applications/a80be3c3/dump/**] onto handler of type [class de.codecentric.boot.admin.zuul.OptionsDispatchingZuulController]
2019-03-10 22:55:12.563  INFO 12748 --- [http-nio-5000-exec-2] o.s.c.n.zuul.web.ZuulHandlerMapping      : Mapped URL path [/api/applications/a80be3c3/jolokia/**] onto handler of type [class de.codecentric.boot.admin.zuul.OptionsDispatchingZuulController]
2019-03-10 22:55:12.563  INFO 12748 --- [http-nio-5000-exec-2] o.s.c.n.zuul.web.ZuulHandlerMapping      : Mapped URL path [/api/applications/a80be3c3/info/**] onto handler of type [class de.codecentric.boot.admin.zuul.OptionsDispatchingZuulController]
2019-03-10 22:55:12.563  INFO 12748 --- [http-nio-5000-exec-2] o.s.c.n.zuul.web.ZuulHandlerMapping      : Mapped URL path [/api/applications/a80be3c3/configprops/**] onto handler of type [class de.codecentric.boot.admin.zuul.OptionsDispatchingZuulController]
2019-03-10 22:55:12.563  INFO 12748 --- [http-nio-5000-exec-2] o.s.c.n.zuul.web.ZuulHandlerMapping      : Mapped URL path [/api/applications/a80be3c3/trace/**] onto handler of type [class de.codecentric.boot.admin.zuul.OptionsDispatchingZuulController]
2019-03-10 22:55:12.563  INFO 12748 --- [http-nio-5000-exec-2] o.s.c.n.zuul.web.ZuulHandlerMapping      : Mapped URL path [/api/applications/a80be3c3/logfile/**] onto handler of type [class de.codecentric.boot.admin.zuul.OptionsDispatchingZuulController]
2019-03-10 22:55:12.563  INFO 12748 --- [http-nio-5000-exec-2] o.s.c.n.zuul.web.ZuulHandlerMapping      : Mapped URL path [/api/applications/a80be3c3/refresh/**] onto handler of type [class de.codecentric.boot.admin.zuul.OptionsDispatchingZuulController]
2019-03-10 22:55:12.563  INFO 12748 --- [http-nio-5000-exec-2] o.s.c.n.zuul.web.ZuulHandlerMapping      : Mapped URL path [/api/applications/a80be3c3/flyway/**] onto handler of type [class de.codecentric.boot.admin.zuul.OptionsDispatchingZuulController]
2019-03-10 22:55:12.563  INFO 12748 --- [http-nio-5000-exec-2] o.s.c.n.zuul.web.ZuulHandlerMapping      : Mapped URL path [/api/applications/a80be3c3/liquibase/**] onto handler of type [class de.codecentric.boot.admin.zuul.OptionsDispatchingZuulController]
2019-03-10 22:55:12.563  INFO 12748 --- [http-nio-5000-exec-2] o.s.c.n.zuul.web.ZuulHandlerMapping      : Mapped URL path [/api/applications/a80be3c3/heapdump/**] onto handler of type [class de.codecentric.boot.admin.zuul.OptionsDispatchingZuulController]
2019-03-10 22:55:12.564  INFO 12748 --- [http-nio-5000-exec-2] o.s.c.n.zuul.web.ZuulHandlerMapping      : Mapped URL path [/api/applications/a80be3c3/loggers/**] onto handler of type [class de.codecentric.boot.admin.zuul.OptionsDispatchingZuulController]
2019-03-10 22:55:12.564  INFO 12748 --- [http-nio-5000-exec-2] o.s.c.n.zuul.web.ZuulHandlerMapping      : Mapped URL path [/api/applications/a80be3c3/auditevents/**] onto handler of type [class de.codecentric.boot.admin.zuul.OptionsDispatchingZuulController]
2019-03-10 22:55:12.564  INFO 12748 --- [http-nio-5000-exec-2] o.s.c.n.zuul.web.ZuulHandlerMapping      : Mapped URL path [/api/applications/a80be3c3/hystrix.stream/**] onto handler of type [class de.codecentric.boot.admin.zuul.OptionsDispatchingZuulController]
2019-03-10 22:55:52.236  WARN 12748 --- [http-nio-5000-exec-9] o.s.web.servlet.PageNotFound             : Request method 'HEAD' not supported
2019-03-10 22:59:41.959  INFO 12748 --- [AsyncResolver-bootstrap-executor-0] c.n.d.s.r.aws.ConfigClusterResolver      : Resolving eureka endpoints via configuration
2019-03-10 23:04:41.962  INFO 12748 --- [AsyncResolver-bootstrap-executor-0] c.n.d.s.r.aws.ConfigClusterResolver      : Resolving eureka endpoints via configuration
